13-Dec-17 11:32:36,03 [INFO ]    43-SeleniumBasics.Tests.RandomTest.Random()           RandomTest....
13-Dec-17 11:32:36,13 [DEBUG]    44-SeleniumBasics.Tests.RandomTest.Random()           Debug RandomTest....
15-Dec-17 12:46:51,15 [INFO ]    43-SeleniumBasics.Tests.RandomTest.Random()           RandomTest....
15-Dec-17 12:46:51,27 [DEBUG]    44-SeleniumBasics.Tests.RandomTest.Random()           Debug RandomTest....
15-Dec-17 12:46:51,29 [ERROR]    48-SeleniumBasics.Tests.RandomTest.Random()           Error RandomTest...
15-Dec-17 12:46:51,31 [FATAL]    49-SeleniumBasics.Tests.RandomTest.Random()           Fatal RandomTest...
15-Dec-17 12:46:51,34 [WARN ]    50-SeleniumBasics.Tests.RandomTest.Random()           Warn Random Test...
15-Dec-17 12:47:13,86 [INFO ]    43-SeleniumBasics.Tests.RandomTest.Random()           RandomTest....
15-Dec-17 12:47:13,90 [DEBUG]    44-SeleniumBasics.Tests.RandomTest.Random()           Debug RandomTest....
15-Dec-17 12:47:13,92 [ERROR]    48-SeleniumBasics.Tests.RandomTest.Random()           Error RandomTest...
15-Dec-17 12:47:13,93 [FATAL]    49-SeleniumBasics.Tests.RandomTest.Random()           Fatal RandomTest...
15-Dec-17 12:47:13,96 [WARN ]    50-SeleniumBasics.Tests.RandomTest.Random()           Warn Random Test...
19-Dec-17 16:18:46,44 [INFO ]    44-SeleniumBasics.Tests.RandomTest.Random()           RandomTest....
19-Dec-17 16:18:46,72 [DEBUG]    45-SeleniumBasics.Tests.RandomTest.Random()           Debug RandomTest....
19-Dec-17 16:18:46,73 [ERROR]    49-SeleniumBasics.Tests.RandomTest.Random()           Error RandomTest...
19-Dec-17 16:18:46,75 [FATAL]    50-SeleniumBasics.Tests.RandomTest.Random()           Fatal RandomTest...
19-Dec-17 16:18:46,76 [WARN ]    51-SeleniumBasics.Tests.RandomTest.Random()           Warn Random Test...
19-Dec-17 16:18:46,77 [INFO ]    44-SeleniumBasics.Tests.RandomTest.Random()           RandomTest....
19-Dec-17 16:18:46,79 [DEBUG]    45-SeleniumBasics.Tests.RandomTest.Random()           Debug RandomTest....
19-Dec-17 16:18:46,80 [ERROR]    49-SeleniumBasics.Tests.RandomTest.Random()           Error RandomTest...
19-Dec-17 16:18:46,81 [FATAL]    50-SeleniumBasics.Tests.RandomTest.Random()           Fatal RandomTest...
19-Dec-17 16:18:46,82 [WARN ]    51-SeleniumBasics.Tests.RandomTest.Random()           Warn Random Test...
19-Dec-17 16:18:46,84 [INFO ]    44-SeleniumBasics.Tests.RandomTest.Random()           RandomTest....
19-Dec-17 16:18:46,87 [DEBUG]    45-SeleniumBasics.Tests.RandomTest.Random()           Debug RandomTest....
19-Dec-17 16:18:46,88 [ERROR]    49-SeleniumBasics.Tests.RandomTest.Random()           Error RandomTest...
19-Dec-17 16:18:46,90 [FATAL]    50-SeleniumBasics.Tests.RandomTest.Random()           Fatal RandomTest...
19-Dec-17 16:18:46,91 [WARN ]    51-SeleniumBasics.Tests.RandomTest.Random()           Warn Random Test...
19-Dec-17 16:18:52,09 [INFO ]    21-SeleniumBasics.Tests.UnitTest1.OpenBrowser()       Opening Browser
19-Dec-17 16:19:00,71 [INFO ]    24-SeleniumBasics.Tests.UnitTest1.OpenBrowser()       Browsing Google
20-Dec-17 12:47:39,69 [INFO ]    44-SeleniumBasics.Tests.RandomTest.Random()           RandomTest....
20-Dec-17 12:47:39,75 [DEBUG]    45-SeleniumBasics.Tests.RandomTest.Random()           Debug RandomTest....
20-Dec-17 12:47:39,77 [ERROR]    49-SeleniumBasics.Tests.RandomTest.Random()           Error RandomTest...
20-Dec-17 12:47:39,78 [FATAL]    50-SeleniumBasics.Tests.RandomTest.Random()           Fatal RandomTest...
20-Dec-17 12:47:39,79 [WARN ]    51-SeleniumBasics.Tests.RandomTest.Random()           Warn Random Test...
20-Dec-17 12:47:56,83 [INFO ]    21-SeleniumBasics.Tests.UnitTest1.OpenBrowser()       Opening Browser
20-Dec-17 12:48:02,98 [INFO ]    24-SeleniumBasics.Tests.UnitTest1.OpenBrowser()       Browsing Google
21-Dec-17 14:38:45,96 [INFO ]    44-SeleniumBasics.Tests.RandomTest.Random()           RandomTest....
21-Dec-17 14:38:46,11 [DEBUG]    45-SeleniumBasics.Tests.RandomTest.Random()           Debug RandomTest....
21-Dec-17 14:38:46,13 [ERROR]    49-SeleniumBasics.Tests.RandomTest.Random()           Error RandomTest...
21-Dec-17 14:38:46,16 [FATAL]    50-SeleniumBasics.Tests.RandomTest.Random()           Fatal RandomTest...
21-Dec-17 14:38:46,17 [WARN ]    51-SeleniumBasics.Tests.RandomTest.Random()           Warn Random Test...
21-Dec-17 16:41:47,68 [INFO ]    44-SeleniumBasics.Tests.RandomTest.Random()           RandomTest....
21-Dec-17 16:41:47,72 [DEBUG]    45-SeleniumBasics.Tests.RandomTest.Random()           Debug RandomTest....
21-Dec-17 16:41:47,74 [ERROR]    49-SeleniumBasics.Tests.RandomTest.Random()           Error RandomTest...
21-Dec-17 16:41:47,75 [FATAL]    50-SeleniumBasics.Tests.RandomTest.Random()           Fatal RandomTest...
21-Dec-17 16:41:47,77 [WARN ]    51-SeleniumBasics.Tests.RandomTest.Random()           Warn Random Test...
21-Dec-17 16:46:55,79 [INFO ]    44-SeleniumBasics.Tests.RandomTest.Random()           RandomTest....
21-Dec-17 16:46:55,83 [DEBUG]    45-SeleniumBasics.Tests.RandomTest.Random()           Debug RandomTest....
21-Dec-17 16:46:55,85 [ERROR]    49-SeleniumBasics.Tests.RandomTest.Random()           Error RandomTest...
21-Dec-17 16:46:55,86 [FATAL]    50-SeleniumBasics.Tests.RandomTest.Random()           Fatal RandomTest...
21-Dec-17 16:46:55,88 [WARN ]    51-SeleniumBasics.Tests.RandomTest.Random()           Warn Random Test...
22-Dec-17 17:10:09,79 [INFO ]    21-SeleniumBasics.Tests.UnitTest1.OpenBrowser()       Opening Browser
22-Dec-17 17:10:20,10 [INFO ]    24-SeleniumBasics.Tests.UnitTest1.OpenBrowser()       Browsing Google
22-Dec-17 17:10:20,33 [ERROR]    32-SeleniumBasics.Tests.UnitTest1.OpenBrowser()       Title did not match
22-Dec-17 17:10:20,35 [INFO ]    35-SeleniumBasics.Tests.UnitTest1.OpenBrowser()       Title Matched
22-Dec-17 17:13:15,71 [INFO ]    21-SeleniumBasics.Tests.UnitTest1.OpenBrowser()       Opening Browser
22-Dec-17 17:13:20,28 [INFO ]    24-SeleniumBasics.Tests.UnitTest1.OpenBrowser()       Browsing Google
22-Dec-17 17:13:20,45 [FATAL]    32-SeleniumBasics.Tests.UnitTest1.OpenBrowser()       Title did not match, Test EXITING...
22-Dec-17 17:14:25,12 [INFO ]    21-SeleniumBasics.Tests.UnitTest1.OpenBrowser()       Opening Browser
22-Dec-17 17:14:29,86 [INFO ]    24-SeleniumBasics.Tests.UnitTest1.OpenBrowser()       Browsing Google
22-Dec-17 17:14:30,03 [FATAL]    32-SeleniumBasics.Tests.UnitTest1.OpenBrowser()       Title did not match, Test EXITING...
22-Dec-17 17:15:10,28 [INFO ]    21-SeleniumBasics.Tests.UnitTest1.OpenBrowser()       Opening Browser
22-Dec-17 17:15:17,04 [INFO ]    24-SeleniumBasics.Tests.UnitTest1.OpenBrowser()       Browsing Google
22-Dec-17 17:15:17,60 [INFO ]    40-SeleniumBasics.Tests.UnitTest1.OpenBrowser()       Title Matched
22-Dec-17 17:21:08,40 [INFO ]    21-SeleniumBasics.Tests.UnitTest1.OpenBrowser()       Opening Browser
22-Dec-17 17:21:13,61 [INFO ]    24-SeleniumBasics.Tests.UnitTest1.OpenBrowser()       Browsing Google
22-Dec-17 17:21:13,77 [FATAL]    32-SeleniumBasics.Tests.UnitTest1.OpenBrowser()       Title did not match, Test EXITING...
